Build started 11/5/2017 23:35:13.
     1>Project "C:\Users\izanami\Documents\visual studio 2010\Projects\jacobi_algo\jacobi_algo\jacobi_algo.vcxproj" on node 2 (build target(s)).
     1>InitializeBuildStatus:
         Creating "Debug\jacobi_algo.unsuccessfulbuild" because "AlwaysCreate" was specified.
       ClCompile:
         C:\Program Files (x86)\Microsoft Visual Studio 10.0\VC\bin\CL.exe /c /ZI /nologo /W3 /WX- /Od /Oy- /D WIN32 /D _DEBUG /D _CONSOLE /D _UNICODE /D UNICODE /Gm /EHsc /RTC1 /MDd /GS /fp:precise /Zc:wchar_t /Zc:forScope /Fo"Debug\\" /Fd"Debug\vc100.pdb" /Gd /TP /analyze- /errorReport:prompt main.cpp
         main.cpp
       ManifestResourceCompile:
         All outputs are up-to-date.
       Link:
         C:\Program Files (x86)\Microsoft Visual Studio 10.0\VC\bin\link.exe /ERRORREPORT:PROMPT /OUT:"C:\Users\izanami\Documents\visual studio 2010\Projects\jacobi_algo\Debug\jacobi_algo.exe" /INCREMENTAL /NOLOGO kernel32.lib user32.lib gdi32.lib winspool.lib comdlg32.lib advapi32.lib shell32.lib ole32.lib oleaut32.lib uuid.lib odbc32.lib odbccp32.lib /MANIFEST /ManifestFile:"Debug\jacobi_algo.exe.intermediate.manifest" /MANIFESTUAC:"level='asInvoker' uiAccess='false'" /DEBUG /PDB:"C:\Users\izanami\Documents\visual studio 2010\Projects\jacobi_algo\Debug\jacobi_algo.pdb" /SUBSYSTEM:CONSOLE /TLBID:1 /DYNAMICBASE /NXCOMPAT /IMPLIB:"C:\Users\izanami\Documents\visual studio 2010\Projects\jacobi_algo\Debug\jacobi_algo.lib" /MACHINE:X86 Debug\jacobi_algo.exe.embed.manifest.res
         Debug\main.obj
       Manifest:
         C:\Program Files (x86)\Microsoft SDKs\Windows\v7.0A\bin\mt.exe /nologo /verbose /out:"Debug\jacobi_algo.exe.embed.manifest" /manifest Debug\jacobi_algo.exe.intermediate.manifest
         All outputs are up-to-date.
       LinkEmbedManifest:
         All outputs are up-to-date.
         jacobi_algo.vcxproj -> C:\Users\izanami\Documents\visual studio 2010\Projects\jacobi_algo\Debug\jacobi_algo.exe
       FinalizeBuildStatus:
         Deleting file "Debug\jacobi_algo.unsuccessfulbuild".
         Touching "Debug\jacobi_algo.lastbuildstate".
     1>Done Building Project "C:\Users\izanami\Documents\visual studio 2010\Projects\jacobi_algo\jacobi_algo\jacobi_algo.vcxproj" (build target(s)).

Build succeeded.

Time Elapsed 00:00:01.07
